<?xml version="1.0" encoding="UTF-8"?>
<!-- Generated by org.testng.reporters.JUnitXMLReporter -->
<testsuite hostname="Wasims-MacBook-Pro.local" ignored="0" name="Default test" tests="5" failures="0" timestamp="02 Aug 2017 04:52:53 GMT" time="27.131" errors="0">
  <testcase name="i_am_on_www_spectrum_net_portal" time="8.673" classname="sempra.demo.Store_Locator"/>
  <testcase name="i_click_on_the_Locations_link" time="9.102" classname="sempra.demo.Store_Locator"/>
  <testcase name="i_enter_zip_code_and_distance_within" time="0.832" classname="sempra.demo.Store_Locator"/>
  <testcase name="i_should_be_able_to_see_the_list_of_service_centers_near_me" time="1.008" classname="sempra.demo.Store_Locator"/>
  <testcase name="i_should_be_redirected_to_Spectrum_Service_page" time="0.336" classname="sempra.demo.Store_Locator"/>
</testsuite> <!-- Default test -->
