<?xml version="1.0" encoding="UTF-8"?>
<!-- Generated by org.testng.reporters.JUnitXMLReporter -->
<testsuite hostname="Wasims-MacBook-Pro.local" ignored="0" name="Default test" tests="3" failures="0" timestamp="02 Aug 2017 07:40:14 GMT" time="115.298" errors="0">
  <testcase name="i_am_on_www_spectrum_net_portal_and_I_click_on_Sign_In_button" time="11.731" classname="sempra.demo.Login"/>
  <testcase name="i_enter_valid_autoqa__hoh_charter_net_and_Testing_in_the_textboxes" time="86.745" classname="sempra.demo.Login"/>
  <testcase name="i_should_be_able_to_login_into_Spectrum_portal" time="6.03" classname="sempra.demo.Login"/>
</testsuite> <!-- Default test -->
