<?xml version="1.0" encoding="UTF-8"?>
<!-- Generated by org.testng.reporters.JUnitXMLReporter -->
<testsuite hostname="Wasims-MacBook-Pro.local" ignored="0" name="Test" tests="11" failures="0" timestamp="02 Aug 2017 07:35:03 GMT" time="78.803" errors="0">
  <testcase name="i_am_on_www_spectrum_net_portal" time="7.839" classname="sempra.demo.Store_Locator"/>
  <testcase name="i_click_on_the_Locations_link" time="8.716" classname="sempra.demo.Store_Locator"/>
  <testcase name="i_am_on_www_spectrum_net_portal_and_I_click_on_Sign_In_button" time="12.998" classname="sempra.demo.Login"/>
  <testcase name="i_enter_zip_code_and_distance_within" time="1.651" classname="sempra.demo.Store_Locator"/>
  <testcase name="i_am_on_www_spectrum_net_website" time="11.114" classname="sempra.demo.Guide"/>
  <testcase name="i_should_be_able_to_see_the_list_of_service_centers_near_me" time="3.748" classname="sempra.demo.Store_Locator"/>
  <testcase name="i_should_be_redirected_to_Spectrum_Service_page" time="0.646" classname="sempra.demo.Store_Locator"/>
  <testcase name="i_click_on_the_Guide_link" time="3.477" classname="sempra.demo.Guide"/>
  <testcase name="i_should_be_redirected_to_the_TV_Guide_page" time="7.298" classname="sempra.demo.Guide"/>
  <testcase name="i_enter_valid_autoqa__hoh_charter_net_and_Testing_in_the_textboxes" time="27.781" classname="sempra.demo.Login"/>
  <testcase name="i_should_be_able_to_login_into_Spectrum_portal" time="5.694" classname="sempra.demo.Login"/>
</testsuite> <!-- Test -->
