<?xml version="1.0" encoding="UTF-8"?>
<testng-results skipped="0" failed="0" ignored="0" total="11" passed="11">
  <reporter-output>
  </reporter-output>
  <suite name="Suite" duration-ms="78803" started-at="2017-08-02T07:33:40Z" finished-at="2017-08-02T07:34:58Z">
    <groups>
    </groups>
    <test name="Test" duration-ms="78803" started-at="2017-08-02T07:33:40Z" finished-at="2017-08-02T07:34:58Z">
      <class name="sempra.demo.Store_Locator">
        <test-method status="PASS" signature="beforeClass()[pri:0, instance:sempra.demo.Store_Locator@1936f0f5]" name="beforeClass" is-config="true" duration-ms="9185" started-at="2017-08-02T01:33:40Z" finished-at="2017-08-02T01:33:49Z">
          <reporter-output>
          </reporter-output>
        </test-method> <!-- beforeClass -->
        <test-method status="PASS" signature="i_am_on_www_spectrum_net_portal()[pri:0, instance:sempra.demo.Store_Locator@1936f0f5]" name="i_am_on_www_spectrum_net_portal" duration-ms="7839" started-at="2017-08-02T01:33:49Z" finished-at="2017-08-02T01:33:57Z">
          <reporter-output>
          </reporter-output>
        </test-method> <!-- i_am_on_www_spectrum_net_portal -->
        <test-method status="PASS" signature="i_click_on_the_Locations_link()[pri:0, instance:sempra.demo.Store_Locator@1936f0f5]" name="i_click_on_the_Locations_link" duration-ms="8716" started-at="2017-08-02T01:33:57Z" finished-at="2017-08-02T01:34:05Z">
          <reporter-output>
          </reporter-output>
        </test-method> <!-- i_click_on_the_Locations_link -->
        <test-method status="PASS" signature="i_enter_zip_code_and_distance_within()[pri:0, instance:sempra.demo.Store_Locator@1936f0f5]" name="i_enter_zip_code_and_distance_within" duration-ms="1651" started-at="2017-08-02T01:34:05Z" finished-at="2017-08-02T01:34:07Z">
          <reporter-output>
          </reporter-output>
        </test-method> <!-- i_enter_zip_code_and_distance_within -->
        <test-method status="PASS" signature="i_should_be_able_to_see_the_list_of_service_centers_near_me()[pri:0, instance:sempra.demo.Store_Locator@1936f0f5]" name="i_should_be_able_to_see_the_list_of_service_centers_near_me" duration-ms="3748" started-at="2017-08-02T01:34:07Z" finished-at="2017-08-02T01:34:11Z">
          <reporter-output>
          </reporter-output>
        </test-method> <!-- i_should_be_able_to_see_the_list_of_service_centers_near_me -->
        <test-method status="PASS" signature="i_should_be_redirected_to_Spectrum_Service_page()[pri:0, instance:sempra.demo.Store_Locator@1936f0f5]" name="i_should_be_redirected_to_Spectrum_Service_page" duration-ms="646" started-at="2017-08-02T01:34:11Z" finished-at="2017-08-02T01:34:11Z">
          <reporter-output>
          </reporter-output>
        </test-method> <!-- i_should_be_redirected_to_Spectrum_Service_page -->
        <test-method status="PASS" signature="afterClass()[pri:0, instance:sempra.demo.Store_Locator@1936f0f5]" name="afterClass" is-config="true" duration-ms="19414" started-at="2017-08-02T01:34:11Z" finished-at="2017-08-02T01:34:31Z">
          <reporter-output>
          </reporter-output>
        </test-method> <!-- afterClass -->
      </class> <!-- sempra.demo.Store_Locator -->
      <class name="sempra.demo.Guide">
        <test-method status="PASS" signature="beforeClass()[pri:0, instance:sempra.demo.Guide@15975490]" name="beforeClass" is-config="true" duration-ms="19107" started-at="2017-08-02T01:33:40Z" finished-at="2017-08-02T01:33:59Z">
          <reporter-output>
          </reporter-output>
        </test-method> <!-- beforeClass -->
        <test-method status="PASS" signature="i_am_on_www_spectrum_net_website()[pri:0, instance:sempra.demo.Guide@15975490]" name="i_am_on_www_spectrum_net_website" duration-ms="11114" started-at="2017-08-02T01:33:59Z" finished-at="2017-08-02T01:34:10Z">
          <reporter-output>
          </reporter-output>
        </test-method> <!-- i_am_on_www_spectrum_net_website -->
        <test-method status="PASS" signature="i_click_on_the_Guide_link()[pri:0, instance:sempra.demo.Guide@15975490]" name="i_click_on_the_Guide_link" duration-ms="3477" started-at="2017-08-02T01:34:10Z" finished-at="2017-08-02T01:34:13Z">
          <reporter-output>
          </reporter-output>
        </test-method> <!-- i_click_on_the_Guide_link -->
        <test-method status="PASS" signature="i_should_be_redirected_to_the_TV_Guide_page()[pri:0, instance:sempra.demo.Guide@15975490]" name="i_should_be_redirected_to_the_TV_Guide_page" duration-ms="7298" started-at="2017-08-02T01:34:13Z" finished-at="2017-08-02T01:34:21Z">
          <reporter-output>
          </reporter-output>
        </test-method> <!-- i_should_be_redirected_to_the_TV_Guide_page -->
        <test-method status="PASS" signature="afterClass()[pri:0, instance:sempra.demo.Guide@15975490]" name="afterClass" is-config="true" duration-ms="25637" started-at="2017-08-02T01:34:21Z" finished-at="2017-08-02T01:34:46Z">
          <reporter-output>
          </reporter-output>
        </test-method> <!-- afterClass -->
      </class> <!-- sempra.demo.Guide -->
      <class name="sempra.demo.Login">
        <test-method status="PASS" signature="beforeClass()[pri:0, instance:sempra.demo.Login@6b143ee9]" name="beforeClass" is-config="true" duration-ms="14049" started-at="2017-08-02T01:33:40Z" finished-at="2017-08-02T01:33:54Z">
          <reporter-output>
          </reporter-output>
        </test-method> <!-- beforeClass -->
        <test-method status="PASS" signature="i_am_on_www_spectrum_net_portal_and_I_click_on_Sign_In_button()[pri:0, instance:sempra.demo.Login@6b143ee9]" name="i_am_on_www_spectrum_net_portal_and_I_click_on_Sign_In_button" duration-ms="12998" started-at="2017-08-02T01:33:54Z" finished-at="2017-08-02T01:34:07Z">
          <reporter-output>
          </reporter-output>
        </test-method> <!-- i_am_on_www_spectrum_net_portal_and_I_click_on_Sign_In_button -->
        <test-method status="PASS" signature="i_enter_valid_autoqa__hoh_charter_net_and_Testing_in_the_textboxes()[pri:0, instance:sempra.demo.Login@6b143ee9]" name="i_enter_valid_autoqa__hoh_charter_net_and_Testing_in_the_textboxes" duration-ms="27781" started-at="2017-08-02T01:34:07Z" finished-at="2017-08-02T01:34:34Z">
          <reporter-output>
          </reporter-output>
        </test-method> <!-- i_enter_valid_autoqa__hoh_charter_net_and_Testing_in_the_textboxes -->
        <test-method status="PASS" signature="i_should_be_able_to_login_into_Spectrum_portal()[pri:0, instance:sempra.demo.Login@6b143ee9]" name="i_should_be_able_to_login_into_Spectrum_portal" duration-ms="5694" started-at="2017-08-02T01:34:35Z" finished-at="2017-08-02T01:34:40Z">
          <reporter-output>
          </reporter-output>
        </test-method> <!-- i_should_be_able_to_login_into_Spectrum_portal -->
        <test-method status="PASS" signature="afterClass()[pri:0, instance:sempra.demo.Login@6b143ee9]" name="afterClass" is-config="true" duration-ms="18272" started-at="2017-08-02T01:34:40Z" finished-at="2017-08-02T01:34:58Z">
          <reporter-output>
          </reporter-output>
        </test-method> <!-- afterClass -->
      </class> <!-- sempra.demo.Login -->
    </test> <!-- Test -->
  </suite> <!-- Suite -->
</testng-results>
