<?xml version="1.0" encoding="UTF-8"?>
<testsuite xmlns:xsi="http://www.w3.org/2001/XMLSchema-instance" xsi:schemaLocation="https://maven.apache.org/surefire/maven-surefire-plugin/xsd/surefire-test-report.xsd" name="TestSuite" time="229.995" tests="11" errors="0" skipped="0" failures="2">
  <properties>
[...]
</properties>
  <testcase name="i_am_on_www_spectrum_net_website" classname="sempra.demo.Guide" time="17.858"/>
  <testcase name="i_am_on_www_spectrum_net_portal_and_I_click_on_Sign_In_button" classname="sempra.demo.Login" time="0.155"/>
  <testcase name="i_enter_valid_autoqa__hoh_charter_net_and_Testing_in_the_textboxes" classname="sempra.demo.Login" time="0.97">
    <failure message="no such element: Unable to locate element: {&quot;method&quot;:&quot;id&quot;,&quot;selector&quot;:&quot;cc-username&quot;}&#10;  (Session info: chrome=59.0.3071.115)&#10;  (Driver info: chromedriver=2.30.477690 (c53f4ad87510ee97b5c3425a14c0e79780cdf262),platform=Mac OS X 10.12.6 x86_64) (WARNING: The server did not provide any stacktrace information)&#10;Command duration or timeout: 27 milliseconds&#10;For documentation on this error, please visit: http://seleniumhq.org/exceptions/no_such_element.html&#10;Build info: version: &apos;3.4.0&apos;, revision: &apos;unknown&apos;, time: &apos;unknown&apos;&#10;System info: host: &apos;Wasims-MacBook-Pro.local&apos;, ip: &apos;2601:282:900:5750:0:0:0:3&apos;, os.name: &apos;Mac OS X&apos;, os.arch: &apos;x86_64&apos;, os.version: &apos;10.12.6&apos;, java.version: &apos;1.8.0_121&apos;&#10;Driver info: org.openqa.selenium.chrome.ChromeDriver&#10;Capabilities [{applicationCacheEnabled=false, rotatable=false, mobileEmulationEnabled=false, networkConnectionEnabled=false, chrome={chromedriverVersion=2.30.477690 (c53f4ad87510ee97b5c3425a14c0e79780cdf262), userDataDir=/var/folders/cs/bd1_4p555hl12y3g5sqyb7y00000gn/T/.org.chromium.Chromium.5l8HBc}, takesHeapSnapshot=true, pageLoadStrategy=normal, databaseEnabled=false, handlesAlerts=true, hasTouchScreen=false, version=59.0.3071.115, platform=MAC, browserConnectionEnabled=false, nativeEvents=true, acceptSslCerts=true, locationContextEnabled=true, webStorageEnabled=true, browserName=chrome, takesScreenshot=true, javascriptEnabled=true, cssSelectorsEnabled=true, unexpectedAlertBehaviour=}]&#10;Session ID: 3e5d439b4a3d835465b1a3758e7912c5&#10;*** Element info: {Using=id, value=cc-username}&#10;Command duration or timeout: 919 milliseconds" type="org.openqa.selenium.NoSuchElementException">org.openqa.selenium.NoSuchElementException: 
no such element: Unable to locate element: {"method":"id","selector":"cc-username"}
  (Session info: chrome=59.0.3071.115)
  (Driver info: chromedriver=2.30.477690 (c53f4ad87510ee97b5c3425a14c0e79780cdf262),platform=Mac OS X 10.12.6 x86_64) (WARNING: The server did not provide any stacktrace information)
Command duration or timeout: 27 milliseconds
For documentation on this error, please visit: http://seleniumhq.org/exceptions/no_such_element.html
Build info: version: '3.4.0', revision: 'unknown', time: 'unknown'
System info: host: 'Wasims-MacBook-Pro.local', ip: '2601:282:900:5750:0:0:0:3', os.name: 'Mac OS X', os.arch: 'x86_64', os.version: '10.12.6', java.version: '1.8.0_121'
Driver info: org.openqa.selenium.chrome.ChromeDriver
Capabilities [{applicationCacheEnabled=false, rotatable=false, mobileEmulationEnabled=false, networkConnectionEnabled=false, chrome={chromedriverVersion=2.30.477690 (c53f4ad87510ee97b5c3425a14c0e79780cdf262), userDataDir=/var/folders/cs/bd1_4p555hl12y3g5sqyb7y00000gn/T/.org.chromium.Chromium.5l8HBc}, takesHeapSnapshot=true, pageLoadStrategy=normal, databaseEnabled=false, handlesAlerts=true, hasTouchScreen=false, version=59.0.3071.115, platform=MAC, browserConnectionEnabled=false, nativeEvents=true, acceptSslCerts=true, locationContextEnabled=true, webStorageEnabled=true, browserName=chrome, takesScreenshot=true, javascriptEnabled=true, cssSelectorsEnabled=true, unexpectedAlertBehaviour=}]
Session ID: 3e5d439b4a3d835465b1a3758e7912c5
*** Element info: {Using=id, value=cc-username}
Command duration or timeout: 919 milliseconds
	at sempra.demo.Login.i_enter_valid_autoqa__hoh_charter_net_and_Testing_in_the_textboxes(Login.java:55)
Caused by: org.openqa.selenium.remote.ScreenshotException: Screen shot has been taken
	at sempra.demo.Login.i_enter_valid_autoqa__hoh_charter_net_and_Testing_in_the_textboxes(Login.java:55)
Caused by: org.openqa.selenium.NoSuchElementException: 
no such element: Unable to locate element: {"method":"id","selector":"cc-username"}
  (Session info: chrome=59.0.3071.115)
  (Driver info: chromedriver=2.30.477690 (c53f4ad87510ee97b5c3425a14c0e79780cdf262),platform=Mac OS X 10.12.6 x86_64) (WARNING: The server did not provide any stacktrace information)
Command duration or timeout: 27 milliseconds
For documentation on this error, please visit: http://seleniumhq.org/exceptions/no_such_element.html
Build info: version: '3.4.0', revision: 'unknown', time: 'unknown'
System info: host: 'Wasims-MacBook-Pro.local', ip: '2601:282:900:5750:0:0:0:3', os.name: 'Mac OS X', os.arch: 'x86_64', os.version: '10.12.6', java.version: '1.8.0_121'
Driver info: org.openqa.selenium.chrome.ChromeDriver
Capabilities [{applicationCacheEnabled=false, rotatable=false, mobileEmulationEnabled=false, networkConnectionEnabled=false, chrome={chromedriverVersion=2.30.477690 (c53f4ad87510ee97b5c3425a14c0e79780cdf262), userDataDir=/var/folders/cs/bd1_4p555hl12y3g5sqyb7y00000gn/T/.org.chromium.Chromium.5l8HBc}, takesHeapSnapshot=true, pageLoadStrategy=normal, databaseEnabled=false, handlesAlerts=true, hasTouchScreen=false, version=59.0.3071.115, platform=MAC, browserConnectionEnabled=false, nativeEvents=true, acceptSslCerts=true, locationContextEnabled=true, webStorageEnabled=true, browserName=chrome, takesScreenshot=true, javascriptEnabled=true, cssSelectorsEnabled=true, unexpectedAlertBehaviour=}]
Session ID: 3e5d439b4a3d835465b1a3758e7912c5
*** Element info: {Using=id, value=cc-username}
For documentation on this error, please visit: http://seleniumhq.org/exceptions/no_such_element.html
Build info: version: '3.4.0', revision: 'unknown', time: 'unknown'
System info: host: 'Wasims-MacBook-Pro.local', ip: '2601:282:900:5750:0:0:0:3', os.name: 'Mac OS X', os.arch: 'x86_64', os.version: '10.12.6', java.version: '1.8.0_121'
Driver info: driver.version: EventFiringWebDriver
</failure>
  </testcase>
  <testcase name="i_am_on_www_spectrum_net_portal" classname="sempra.demo.Store_Locator" time="0.954"/>
  <testcase name="i_click_on_the_Locations_link" classname="sempra.demo.Store_Locator" time="8.4"/>
  <testcase name="i_enter_zip_code_and_distance_within" classname="sempra.demo.Store_Locator" time="0.761">
    <failure message="unknown error: Element &lt;iframe src=&quot;https://www.spectrum.com/browse/content/store-locations-partner&quot; width=&quot;960&quot; cd_frame_id_=&quot;1d4867553a010d2f1bf8ae186e5f9b40&quot;&gt;&lt;/iframe&gt; is not clickable at point (715, 415). Other element would receive the click: &lt;form cc-track-view=&quot;unauthenticatedrouting.partnersupport.zip.modal&quot; name=&quot;zipform&quot; novalidate=&quot;&quot; role=&quot;form&quot; ng-submit=&quot;$ctrl.submit($event, zipform.$valid)&quot; class=&quot;ng-pristine ng-valid-zip-code ng-valid-required ng-valid-pattern ng-valid-maxlength ng-submitted ng-invalid ng-invalid-no-footprint&quot; style=&quot;&quot;&gt;...&lt;/form&gt;&#10;  (Session info: chrome=59.0.3071.115)&#10;  (Driver info: chromedriver=2.30.477690 (c53f4ad87510ee97b5c3425a14c0e79780cdf262),platform=Mac OS X 10.12.6 x86_64) (WARNING: The server did not provide any stacktrace information)&#10;Command duration or timeout: 88 milliseconds&#10;Build info: version: &apos;3.4.0&apos;, revision: &apos;unknown&apos;, time: &apos;unknown&apos;&#10;System info: host: &apos;Wasims-MacBook-Pro.local&apos;, ip: &apos;2601:282:900:5750:0:0:0:3&apos;, os.name: &apos;Mac OS X&apos;, os.arch: &apos;x86_64&apos;, os.version: &apos;10.12.6&apos;, java.version: &apos;1.8.0_121&apos;&#10;Driver info: org.openqa.selenium.chrome.ChromeDriver&#10;Capabilities [{applicationCacheEnabled=false, rotatable=false, mobileEmulationEnabled=false, networkConnectionEnabled=false, chrome={chromedriverVersion=2.30.477690 (c53f4ad87510ee97b5c3425a14c0e79780cdf262), userDataDir=/var/folders/cs/bd1_4p555hl12y3g5sqyb7y00000gn/T/.org.chromium.Chromium.fYsWwR}, takesHeapSnapshot=true, pageLoadStrategy=normal, databaseEnabled=false, handlesAlerts=true, hasTouchScreen=false, version=59.0.3071.115, platform=MAC, browserConnectionEnabled=false, nativeEvents=true, acceptSslCerts=true, locationContextEnabled=true, webStorageEnabled=true, browserName=chrome, takesScreenshot=true, javascriptEnabled=true, cssSelectorsEnabled=true, unexpectedAlertBehaviour=}]&#10;Session ID: ac8b426dc5483d9d7665e7a37f06c2ed&#10;Command duration or timeout: 475 milliseconds" type="org.openqa.selenium.WebDriverException"><![CDATA[org.openqa.selenium.WebDriverException: 
unknown error: Element <iframe src="https://www.spectrum.com/browse/content/store-locations-partner" width="960" cd_frame_id_="1d4867553a010d2f1bf8ae186e5f9b40"></iframe> is not clickable at point (715, 415). Other element would receive the click: <form cc-track-view="unauthenticatedrouting.partnersupport.zip.modal" name="zipform" novalidate="" role="form" ng-submit="$ctrl.submit($event, zipform.$valid)" class="ng-pristine ng-valid-zip-code ng-valid-required ng-valid-pattern ng-valid-maxlength ng-submitted ng-invalid ng-invalid-no-footprint" style="">...</form>
  (Session info: chrome=59.0.3071.115)
  (Driver info: chromedriver=2.30.477690 (c53f4ad87510ee97b5c3425a14c0e79780cdf262),platform=Mac OS X 10.12.6 x86_64) (WARNING: The server did not provide any stacktrace information)
Command duration or timeout: 88 milliseconds
Build info: version: '3.4.0', revision: 'unknown', time: 'unknown'
System info: host: 'Wasims-MacBook-Pro.local', ip: '2601:282:900:5750:0:0:0:3', os.name: 'Mac OS X', os.arch: 'x86_64', os.version: '10.12.6', java.version: '1.8.0_121'
Driver info: org.openqa.selenium.chrome.ChromeDriver
Capabilities [{applicationCacheEnabled=false, rotatable=false, mobileEmulationEnabled=false, networkConnectionEnabled=false, chrome={chromedriverVersion=2.30.477690 (c53f4ad87510ee97b5c3425a14c0e79780cdf262), userDataDir=/var/folders/cs/bd1_4p555hl12y3g5sqyb7y00000gn/T/.org.chromium.Chromium.fYsWwR}, takesHeapSnapshot=true, pageLoadStrategy=normal, databaseEnabled=false, handlesAlerts=true, hasTouchScreen=false, version=59.0.3071.115, platform=MAC, browserConnectionEnabled=false, nativeEvents=true, acceptSslCerts=true, locationContextEnabled=true, webStorageEnabled=true, browserName=chrome, takesScreenshot=true, javascriptEnabled=true, cssSelectorsEnabled=true, unexpectedAlertBehaviour=}]
Session ID: ac8b426dc5483d9d7665e7a37f06c2ed
Command duration or timeout: 475 milliseconds
	at sempra.demo.Store_Locator.i_enter_zip_code_and_distance_within(Store_Locator.java:78)
Caused by: org.openqa.selenium.remote.ScreenshotException: Screen shot has been taken
	at sempra.demo.Store_Locator.i_enter_zip_code_and_distance_within(Store_Locator.java:78)
Caused by: org.openqa.selenium.WebDriverException: 
unknown error: Element <iframe src="https://www.spectrum.com/browse/content/store-locations-partner" width="960" cd_frame_id_="1d4867553a010d2f1bf8ae186e5f9b40"></iframe> is not clickable at point (715, 415). Other element would receive the click: <form cc-track-view="unauthenticatedrouting.partnersupport.zip.modal" name="zipform" novalidate="" role="form" ng-submit="$ctrl.submit($event, zipform.$valid)" class="ng-pristine ng-valid-zip-code ng-valid-required ng-valid-pattern ng-valid-maxlength ng-submitted ng-invalid ng-invalid-no-footprint" style="">...</form>
  (Session info: chrome=59.0.3071.115)
  (Driver info: chromedriver=2.30.477690 (c53f4ad87510ee97b5c3425a14c0e79780cdf262),platform=Mac OS X 10.12.6 x86_64) (WARNING: The server did not provide any stacktrace information)
Command duration or timeout: 88 milliseconds
Build info: version: '3.4.0', revision: 'unknown', time: 'unknown'
System info: host: 'Wasims-MacBook-Pro.local', ip: '2601:282:900:5750:0:0:0:3', os.name: 'Mac OS X', os.arch: 'x86_64', os.version: '10.12.6', java.version: '1.8.0_121'
Driver info: org.openqa.selenium.chrome.ChromeDriver
Capabilities [{applicationCacheEnabled=false, rotatable=false, mobileEmulationEnabled=false, networkConnectionEnabled=false, chrome={chromedriverVersion=2.30.477690 (c53f4ad87510ee97b5c3425a14c0e79780cdf262), userDataDir=/var/folders/cs/bd1_4p555hl12y3g5sqyb7y00000gn/T/.org.chromium.Chromium.fYsWwR}, takesHeapSnapshot=true, pageLoadStrategy=normal, databaseEnabled=false, handlesAlerts=true, hasTouchScreen=false, version=59.0.3071.115, platform=MAC, browserConnectionEnabled=false, nativeEvents=true, acceptSslCerts=true, locationContextEnabled=true, webStorageEnabled=true, browserName=chrome, takesScreenshot=true, javascriptEnabled=true, cssSelectorsEnabled=true, unexpectedAlertBehaviour=}]
Session ID: ac8b426dc5483d9d7665e7a37f06c2ed
Build info: version: '3.4.0', revision: 'unknown', time: 'unknown'
System info: host: 'Wasims-MacBook-Pro.local', ip: '2601:282:900:5750:0:0:0:3', os.name: 'Mac OS X', os.arch: 'x86_64', os.version: '10.12.6', java.version: '1.8.0_121'
Driver info: driver.version: RemoteWebDriver
]]></failure>
  </testcase>
  <testcase name="i_should_be_able_to_see_the_list_of_service_centers_near_me" classname="sempra.demo.Store_Locator" time="3.354"/>
  <testcase name="i_should_be_redirected_to_Spectrum_Service_page" classname="sempra.demo.Store_Locator" time="0.332"/>
  <testcase name="i_should_be_able_to_login_into_Spectrum_portal" classname="sempra.demo.Login" time="68.904"/>
  <testcase name="i_click_on_the_Guide_link" classname="sempra.demo.Guide" time="152.706"/>
  <testcase name="i_should_be_redirected_to_the_TV_Guide_page" classname="sempra.demo.Guide" time="7.211"/>
</testsuite>