<?xml version="1.0" encoding="UTF-8"?>
<testsuite xmlns:xsi="http://www.w3.org/2001/XMLSchema-instance" xsi:schemaLocation="https://maven.apache.org/surefire/maven-surefire-plugin/xsd/surefire-test-report.xsd" name="TestSuite" time="99.03" tests="11" errors="0" skipped="0" failures="0">
  <properties>
[...]
</properties>
  <testcase name="i_am_on_www_spectrum_net_portal" classname="sempra.demo.Store_Locator" time="2.982"/>
  <testcase name="i_click_on_the_Locations_link" classname="sempra.demo.Store_Locator" time="6.638"/>
  <testcase name="i_am_on_www_spectrum_net_portal_and_I_click_on_Sign_In_button" classname="sempra.demo.Login" time="1.301"/>
  <testcase name="i_enter_zip_code_and_distance_within" classname="sempra.demo.Store_Locator" time="0.35"/>
  <testcase name="i_am_on_www_spectrum_net_website" classname="sempra.demo.Guide" time="2.824"/>
  <testcase name="i_should_be_able_to_see_the_list_of_service_centers_near_me" classname="sempra.demo.Store_Locator" time="0.923"/>
  <testcase name="i_should_be_redirected_to_Spectrum_Service_page" classname="sempra.demo.Store_Locator" time="0.646"/>
  <testcase name="i_click_on_the_Guide_link" classname="sempra.demo.Guide" time="2.553"/>
  <testcase name="i_should_be_redirected_to_the_TV_Guide_page" classname="sempra.demo.Guide" time="7.299"/>
  <testcase name="i_enter_valid_autoqa__hoh_charter_net_and_Testing_in_the_textboxes" classname="sempra.demo.Login" time="21.13"/>
  <testcase name="i_should_be_able_to_login_into_Spectrum_portal" classname="sempra.demo.Login" time="5.695"/>
</testsuite>