<?xml version="1.0" encoding="UTF-8"?>
<testng-results skipped="0" failed="0" ignored="0" total="3" passed="3">
  <reporter-output>
  </reporter-output>
  <suite name="Default suite" duration-ms="56416" started-at="2017-08-02T22:14:47Z" finished-at="2017-08-02T22:15:43Z">
    <groups>
    </groups>
    <test name="Default test" duration-ms="56416" started-at="2017-08-02T22:14:47Z" finished-at="2017-08-02T22:15:43Z">
      <class name="sempra.demo.Guide">
        <test-method status="PASS" signature="beforeClass()[pri:0, instance:sempra.demo.Guide@146ba0ac]" name="beforeClass" is-config="true" duration-ms="8338" started-at="2017-08-02T16:14:47Z" finished-at="2017-08-02T16:14:55Z">
          <reporter-output>
          </reporter-output>
        </test-method> <!-- beforeClass -->
        <test-method status="PASS" signature="i_am_on_www_spectrum_net_website()[pri:0, instance:sempra.demo.Guide@146ba0ac]" name="i_am_on_www_spectrum_net_website" duration-ms="7869" started-at="2017-08-02T16:14:55Z" finished-at="2017-08-02T16:15:03Z">
          <reporter-output>
          </reporter-output>
        </test-method> <!-- i_am_on_www_spectrum_net_website -->
        <test-method status="PASS" signature="i_click_on_the_Guide_link()[pri:0, instance:sempra.demo.Guide@146ba0ac]" name="i_click_on_the_Guide_link" duration-ms="14022" started-at="2017-08-02T16:15:03Z" finished-at="2017-08-02T16:15:17Z">
          <reporter-output>
          </reporter-output>
        </test-method> <!-- i_click_on_the_Guide_link -->
        <test-method status="PASS" signature="i_should_be_redirected_to_the_TV_Guide_page()[pri:0, instance:sempra.demo.Guide@146ba0ac]" name="i_should_be_redirected_to_the_TV_Guide_page" duration-ms="7604" started-at="2017-08-02T16:15:17Z" finished-at="2017-08-02T16:15:25Z">
          <reporter-output>
          </reporter-output>
        </test-method> <!-- i_should_be_redirected_to_the_TV_Guide_page -->
        <test-method status="PASS" signature="afterClass()[pri:0, instance:sempra.demo.Guide@146ba0ac]" name="afterClass" is-config="true" duration-ms="18568" started-at="2017-08-02T16:15:25Z" finished-at="2017-08-02T16:15:43Z">
          <reporter-output>
          </reporter-output>
        </test-method> <!-- afterClass -->
      </class> <!-- sempra.demo.Guide -->
    </test> <!-- Default test -->
  </suite> <!-- Default suite -->
</testng-results>
